<?xml version="1.0" encoding="UTF-8"?>
<testng-results ignored="0" total="1" passed="1" failed="0" skipped="0">
  <reporter-output>
  </reporter-output>
  <suite started-at="2024-07-31T17:06:21 IST" name="Default suite" finished-at="2024-07-31T17:06:26 IST" duration-ms="4958">
    <groups>
    </groups>
    <test started-at="2024-07-31T17:06:21 IST" name="Default test" finished-at="2024-07-31T17:06:26 IST" duration-ms="4958">
      <class name="runningWithPropertyFile.AcessPropertyFile">
        <test-method is-config="true" signature="setUp()[pri:0, instance:runningWithPropertyFile.AcessPropertyFile@7a419da4]" started-at="2024-07-31T17:06:21 IST" name="setUp" finished-at="2024-07-31T17:06:24 IST" duration-ms="3277" status="PASS">
          <reporter-output>
          </reporter-output>
        </test-method> <!-- setUp -->
        <test-method signature="newRecruitent()[pri:0, instance:runningWithPropertyFile.AcessPropertyFile@7a419da4]" started-at="2024-07-31T17:06:24 IST" name="newRecruitent" finished-at="2024-07-31T17:06:26 IST" duration-ms="1522" status="PASS">
          <reporter-output>
          </reporter-output>
        </test-method> <!-- newRecruitent -->
        <test-method is-config="true" signature="tearDown()[pri:0, instance:runningWithPropertyFile.AcessPropertyFile@7a419da4]" started-at="2024-07-31T17:06:26 IST" name="tearDown" finished-at="2024-07-31T17:06:26 IST" duration-ms="135" status="PASS">
          <reporter-output>
          </reporter-output>
        </test-method> <!-- tearDown -->
      </class> <!-- runningWithPropertyFile.AcessPropertyFile -->
    </test> <!-- Default test -->
  </suite> <!-- Default suite -->
</testng-results>
